<?xml version="1.0" encoding="UTF-8"?>
<testsuite name="Scenario: Scenario1: Login and add products to the basket" tests="3" skipped="0" failures="0" errors="0" timestamp="2019-09-29T16:18:42" hostname="BABUR" time="8.747">
  <properties/>
  <testcase name="When sign in as &quot;tester@gmail.com&quot; and &quot;tester123&quot;" classname="Scenario: Scenario1: Login and add products to the basket" time="0.0"/>
  <testcase name="And find &quot;abc&quot; and add to basket" classname="Scenario: Scenario1: Login and add products to the basket" time="0.0"/>
  <testcase name="classMethod" classname="Scenario: Scenario1: Login and add products to the basket" time="21.533"/>
  <system-out><![CDATA[Login Successful
]]></system-out>
  <system-err><![CDATA[SLF4J: Class path contains multiple SLF4J bindings.
SLF4J: Found binding in [jar:file:/C:/Users/ahmet/.gradle/caches/modules-2/files-2.1/org.slf4j/slf4j-simple/1.7.25/8dacf9514f0c707cbbcdd6fd699e8940d42fb54e/slf4j-simple-1.7.25.jar!/org/slf4j/impl/StaticLoggerBinder.class]
SLF4J: Found binding in [jar:file:/C:/Users/ahmet/.gradle/caches/modules-2/files-2.1/org.slf4j/slf4j-jdk14/1.5.6/cc383fbd07dd1826bbcba1b907bbdc0b5be627f1/slf4j-jdk14-1.5.6.jar!/org/slf4j/impl/StaticLoggerBinder.class]
SLF4J: Found binding in [jar:file:/C:/Users/ahmet/.gradle/caches/modules-2/files-2.1/org.slf4j/slf4j-nop/1.5.3/36a3c886235cddd05e55a979cef549196740231a/slf4j-nop-1.5.3.jar!/org/slf4j/impl/StaticLoggerBinder.class]
SLF4J: See http://www.slf4j.org/codes.html#multiple_bindings for an explanation.
SLF4J: Actual binding is of type [org.slf4j.impl.SimpleLoggerFactory]
[Test worker] INFO io.github.bonigarcia.wdm.WebDriverManager - Using chromedriver 77.0.3865.40 (since Google Chrome 77 is installed in your machine)
[Test worker] INFO io.github.bonigarcia.wdm.WebDriverManager - Exporting webdriver.chrome.driver as C:\Users\ahmet\.m2\repository\webdriver\chromedriver\win32\77.0.3865.40\chromedriver.exe
Starting ChromeDriver 77.0.3865.40 (f484704e052e0b556f8030b65b953dce96503217-refs/branch-heads/3865@{#442}) on port 9922
Only local connections are allowed.
Please protect ports used by ChromeDriver and related test frameworks to prevent access by malicious code.
Sep 29, 2019 7:18:32 PM org.openqa.selenium.remote.ProtocolHandshake createSession
INFO: Detected dialect: W3C
]]></system-err>
</testsuite>
