<?xml version="1.0" encoding="UTF-8"?>
<testsuite name="Scenario: Scenario2: Analysis and important cases" tests="2" skipped="0" failures="0" errors="0" timestamp="2019-09-29T16:18:51" hostname="BABUR" time="0.001">
  <properties/>
  <testcase name="When analysis and important cases" classname="Scenario: Scenario2: Analysis and important cases" time="0.0"/>
  <testcase name="classMethod" classname="Scenario: Scenario2: Analysis and important cases" time="0.002"/>
  <system-out><![CDATA[]]></system-out>
  <system-err><![CDATA[]]></system-err>
</testsuite>
